#
# There is insufficient memory for the Java Runtime Environment to continue.
# Native memory allocation (malloc) failed to allocate 184816 bytes for Chunk::new
# Possible reasons:
#   The system is out of physical RAM or swap space
#   In 32 bit mode, the process size limit was hit
# Possible solutions:
#   Reduce memory load on the system
#   Increase physical memory or swap space
#   Check if swap backing store is full
#   Use 64 bit Java on a 64 bit OS
#   Decrease Java heap size (-Xmx/-Xms)
#   Decrease number of Java threads
#   Decrease Java thread stack sizes (-Xss)
#   Set larger code cache with -XX:ReservedCodeCacheSize=
# This output file may be truncated or incomplete.
#
#  Out of Memory Error (allocation.cpp:390), pid=27944, tid=0x0000000000008bc8
#
# JRE version: OpenJDK Runtime Environment (8.0) (build 1.8.0-adoptopenjdk-_2018_05_19_00_59-b00)
# Java VM: OpenJDK 64-Bit Server VM (25.71-b00 mixed mode windows-amd64 compressed oops)
# Failed to write core dump. Minidumps are not enabled by default on client versions of Windows
#

---------------  T H R E A D  ---------------

Current thread (0x000000001e104000):  JavaThread "C2 CompilerThread1" daemon [_thread_in_native, id=35784, stack(0x000000001e9d0000,0x000000001ead0000)]

Stack: [0x000000001e9d0000,0x000000001ead0000]
[error occurred during error reporting (printing stack bounds), id 0xc0000005]

Native frames: (J=compiled Java code, j=interpreted, Vv=VM code, C=native code)


Current CompileTask:
C2:   1483 1637       4       java.io.DataInputStream::readUTF (501 bytes)


---------------  P R O C E S S  ---------------

Java Threads: ( => current thread )
  0x000000001e134800 JavaThread "Service Thread" daemon [_thread_blocked, id=22948, stack(0x000000001ecd0000,0x000000001edd0000)]
  0x000000001e110800 JavaThread "C1 CompilerThread3" daemon [_thread_blocked, id=35412, stack(0x000000001ebd0000,0x000000001ecd0000)]
  0x000000001e107800 JavaThread "C2 CompilerThread2" daemon [_thread_blocked, id=35596, stack(0x000000001ead0000,0x000000001ebd0000)]
=>0x000000001e104000 JavaThread "C2 CompilerThread1" daemon [_thread_in_native, id=35784, stack(0x000000001e9d0000,0x000000001ead0000)]
  0x000000001e100800 JavaThread "C2 CompilerThread0" daemon [_thread_blocked, id=22320, stack(0x000000001e8d0000,0x000000001e9d0000)]
  0x000000001e0ff800 JavaThread "Attach Listener" daemon [_thread_blocked, id=18676, stack(0x000000001e7d0000,0x000000001e8d0000)]
  0x000000001e0fe800 JavaThread "Signal Dispatcher" daemon [_thread_blocked, id=37648, stack(0x000000001e6d0000,0x000000001e7d0000)]
  0x000000000272d800 JavaThread "Finalizer" daemon [_thread_blocked, id=29372, stack(0x000000001e4d0000,0x000000001e5d0000)]
  0x000000000272c000 JavaThread "Reference Handler" daemon [_thread_blocked, id=36796, stack(0x000000001dfd0000,0x000000001e0d0000)]
  0x0000000002634800 JavaThread "main" [_thread_in_native, id=23960, stack(0x00000000024f0000,0x00000000025f0000)]

Other Threads:
  0x000000001c1d6000 VMThread [stack: 0x000000001ded0000,0x000000001dfd0000] [id=33100]
  0x000000001e135000 WatcherThread [stack: 0x000000001edd0000,0x000000001eed0000] [id=32696]

VM state:not at safepoint (normal execution)

VM Mutex/Monitor currently owned by a thread: None

Heap:
 PSYoungGen      total 76288K, used 43590K [0x000000076b180000, 0x0000000770680000, 0x00000007c0000000)
  eden space 65536K, 66% used [0x000000076b180000,0x000000076dc11900,0x000000076f180000)
  from space 10752K, 0% used [0x000000076fc00000,0x000000076fc00000,0x0000000770680000)
  to   space 10752K, 0% used [0x000000076f180000,0x000000076f180000,0x000000076fc00000)
 ParOldGen       total 175104K, used 0K [0x00000006c1400000, 0x00000006cbf00000, 0x000000076b180000)
  object space 175104K, 0% used [0x00000006c1400000,0x00000006c1400000,0x00000006cbf00000)
 Metaspace       used 16192K, capacity 16574K, committed 16640K, reserved 1064960K
  class space    used 1891K, capacity 2019K, committed 2048K, reserved 1048576K

Card table byte_map: [0x0000000011af0000,0x00000000122f0000] byte_map_base: 0x000000000e4e6000

Marking Bits: (ParMarkBitMap*) 0x0000000055b1be50
 Begin Bits: [0x0000000013040000, 0x0000000016ff0000)
 End Bits:   [0x0000000016ff0000, 0x000000001afa0000)

Polling page: 0x0000000000e40000

CodeCache: size=245760Kb used=5692Kb max_used=5692Kb free=240067Kb
 bounds [0x0000000002730000, 0x0000000002cd0000, 0x0000000011730000]
 total_blobs=2094 nmethods=1680 adapters=327
 compilation: enabled

Compilation events (10 events):
Event: 1.479 Thread 0x000000001e110800 nmethod 1676 0x0000000002cbec90 code [0x0000000002cbee20, 0x0000000002cbf398]
Event: 1.479 Thread 0x000000001e110800 1677   !   3       java.util.zip.ZipFile$ZipFileInflaterInputStream::close (67 bytes)
Event: 1.480 Thread 0x000000001e110800 nmethod 1677 0x0000000002cbf590 code [0x0000000002cbf760, 0x0000000002cbff98]
Event: 1.480 Thread 0x000000001e110800 1678       3       java.util.zip.InflaterInputStream::close (34 bytes)
Event: 1.480 Thread 0x000000001e110800 nmethod 1678 0x0000000002cc0350 code [0x0000000002cc04c0, 0x0000000002cc07b8]
Event: 1.480 Thread 0x000000001e110800 1679       3       java.util.zip.ZipFile::access$100 (6 bytes)
Event: 1.480 Thread 0x000000001e110800 nmethod 1679 0x0000000002cc08d0 code [0x0000000002cc0a40, 0x0000000002cc0ba8]
Event: 1.480 Thread 0x000000001e110800 1680   !   3       java.util.zip.ZipFile::releaseInflater (41 bytes)
Event: 1.481 Thread 0x000000001e110800 nmethod 1680 0x0000000002cc0c50 code [0x0000000002cc0e00, 0x0000000002cc1518]
Event: 1.481 Thread 0x000000001e110800 1681   !   3       java.util.zip.Inflater::reset (69 bytes)

GC Heap History (0 events):
No events

Deoptimization events (10 events):
Event: 0.729 Thread 0x0000000002634800 Uncommon trap: reason=class_check action=maybe_recompile pc=0x0000000002ace18c method=java.util.regex.Pattern$Curly.match(Ljava/util/regex/Matcher;ILjava/lang/CharSequence;)Z @ 19
Event: 0.729 Thread 0x0000000002634800 Uncommon trap: reason=bimorphic action=maybe_recompile pc=0x0000000002b499bc method=java.util.regex.Pattern$GroupTail.match(Ljava/util/regex/Matcher;ILjava/lang/CharSequence;)Z @ 70
Event: 0.734 Thread 0x0000000002634800 Uncommon trap: reason=class_check action=maybe_recompile pc=0x0000000002ab69c8 method=java.util.regex.Matcher.search(I)Z @ 86
Event: 0.747 Thread 0x0000000002634800 Uncommon trap: reason=unstable_if action=reinterpret pc=0x0000000002a82df8 method=sun.nio.fs.WindowsPathParser.isSlash(C)Z @ 9
Event: 0.812 Thread 0x0000000002634800 Uncommon trap: reason=unstable_if action=reinterpret pc=0x00000000029ba9dc method=java.util.HashMap.putVal(ILjava/lang/Object;Ljava/lang/Object;ZZ)Ljava/lang/Object; @ 236
Event: 0.872 Thread 0x0000000002634800 Uncommon trap: reason=unstable_if action=reinterpret pc=0x0000000002848b40 method=java.lang.CharacterData.of(I)Ljava/lang/CharacterData; @ 4
Event: 1.084 Thread 0x0000000002634800 Uncommon trap: reason=unstable_if action=reinterpret pc=0x0000000002bf8c2c method=java.io.ByteArrayInputStream.read([BII)I @ 63
Event: 1.410 Thread 0x0000000002634800 Uncommon trap: reason=unstable_if action=reinterpret pc=0x00000000029815bc method=java.lang.CharacterDataLatin1.isWhitespace(I)Z @ 14
Event: 1.422 Thread 0x0000000002634800 Uncommon trap: reason=unstable_if action=reinterpret pc=0x0000000002a8d9f4 method=java.lang.String.indexOf([CII[CIII)I @ 27
Event: 1.477 Thread 0x0000000002634800 Uncommon trap: reason=unstable_if action=reinterpret pc=0x00000000028fe15c method=java.lang.String.startsWith(Ljava/lang/String;I)Z @ 25

Classes redefined (0 events):
No events

Internal exceptions (10 events):
Event: 0.681 Thread 0x0000000002634800 Exception <a 'sun/nio/fs/WindowsException'> (0x000000076c906e48) thrown at [C:\Users\jenkins\workspace\openjdk8_build_x86-64_windows\openjdk\hotspot\src\share\vm\prims\jni.cpp, line 709]
Event: 0.682 Thread 0x0000000002634800 Exception <a 'sun/nio/fs/WindowsException'> (0x000000076c909b80) thrown at [C:\Users\jenkins\workspace\openjdk8_build_x86-64_windows\openjdk\hotspot\src\share\vm\prims\jni.cpp, line 709]
Event: 0.682 Thread 0x0000000002634800 Exception <a 'sun/nio/fs/WindowsException'> (0x000000076c90a308) thrown at [C:\Users\jenkins\workspace\openjdk8_build_x86-64_windows\openjdk\hotspot\src\share\vm\prims\jni.cpp, line 709]
Event: 0.682 Thread 0x0000000002634800 Exception <a 'sun/nio/fs/WindowsException'> (0x000000076c90af60) thrown at [C:\Users\jenkins\workspace\openjdk8_build_x86-64_windows\openjdk\hotspot\src\share\vm\prims\jni.cpp, line 709]
Event: 0.682 Thread 0x0000000002634800 Exception <a 'sun/nio/fs/WindowsException'> (0x000000076c90b720) thrown at [C:\Users\jenkins\workspace\openjdk8_build_x86-64_windows\openjdk\hotspot\src\share\vm\prims\jni.cpp, line 709]
Event: 0.682 Thread 0x0000000002634800 Exception <a 'sun/nio/fs/WindowsException'> (0x000000076c90e848) thrown at [C:\Users\jenkins\workspace\openjdk8_build_x86-64_windows\openjdk\hotspot\src\share\vm\prims\jni.cpp, line 709]
Event: 0.682 Thread 0x0000000002634800 Exception <a 'sun/nio/fs/WindowsException'> (0x000000076c90efd8) thrown at [C:\Users\jenkins\workspace\openjdk8_build_x86-64_windows\openjdk\hotspot\src\share\vm\prims\jni.cpp, line 709]
Event: 0.682 Thread 0x0000000002634800 Exception <a 'sun/nio/fs/WindowsException'> (0x000000076c90fc30) thrown at [C:\Users\jenkins\workspace\openjdk8_build_x86-64_windows\openjdk\hotspot\src\share\vm\prims\jni.cpp, line 709]
Event: 0.682 Thread 0x0000000002634800 Exception <a 'sun/nio/fs/WindowsException'> (0x000000076c910400) thrown at [C:\Users\jenkins\workspace\openjdk8_build_x86-64_windows\openjdk\hotspot\src\share\vm\prims\jni.cpp, line 709]
Event: 0.728 Thread 0x0000000002634800 Exception <a 'sun/nio/fs/WindowsException'> (0x000000076cd35730) thrown at [C:\Users\jenkins\workspace\openjdk8_build_x86-64_windows\openjdk\hotspot\src\share\vm\prims\jni.cpp, line 709]

Events (10 events):
Event: 1.479 loading class com/sun/crypto/provider/AESConstants
Event: 1.479 loading class com/sun/crypto/provider/AESConstants done
Event: 1.480 loading class com/sun/crypto/provider/CipherCore
Event: 1.480 loading class com/sun/crypto/provider/CipherCore done
Event: 1.480 loading class com/sun/crypto/provider/FeedbackCipher
Event: 1.480 loading class com/sun/crypto/provider/FeedbackCipher done
Event: 1.480 loading class com/sun/crypto/provider/ElectronicCodeBook
Event: 1.480 loading class com/sun/crypto/provider/ElectronicCodeBook done
Event: 1.481 loading class com/sun/crypto/provider/Padding
Event: 1.481 loading class com/sun/crypto/provider/Padding done


Dynamic libraries:
0x00007ff789cc0000 - 0x00007ff789cf5000 	C:\Program Files\Unity\Hub\Editor\2020.3.32f1\Editor\Data\PlaybackEngines\AndroidPlayer\OpenJDK\bin\java.exe
0x00007ffb27610000 - 0x00007ffb27808000 	C:\WINDOWS\SYSTEM32\ntdll.dll
0x00007ffb27190000 - 0x00007ffb2724d000 	C:\WINDOWS\System32\KERNEL32.DLL
0x00007ffb24eb0000 - 0x00007ffb25182000 	C:\WINDOWS\System32\KERNELBASE.dll
0x00007ffb25860000 - 0x00007ffb2590e000 	C:\WINDOWS\System32\ADVAPI32.dll
0x00007ffb266b0000 - 0x00007ffb2674e000 	C:\WINDOWS\System32\msvcrt.dll
0x00007ffb27250000 - 0x00007ffb272ec000 	C:\WINDOWS\System32\sechost.dll
0x00007ffb272f0000 - 0x00007ffb27415000 	C:\WINDOWS\System32\RPCRT4.dll
0x00007ffb26440000 - 0x00007ffb265dd000 	C:\WINDOWS\System32\USER32.dll
0x00007ffb24e80000 - 0x00007ffb24ea2000 	C:\WINDOWS\System32\win32u.dll
0x00007ffb25830000 - 0x00007ffb2585b000 	C:\WINDOWS\System32\GDI32.dll
0x00007ffb25310000 - 0x00007ffb2541f000 	C:\WINDOWS\System32\gdi32full.dll
0x00007ffb25190000 - 0x00007ffb2522d000 	C:\WINDOWS\System32\msvcp_win.dll
0x00007ffb254d0000 - 0x00007ffb255d0000 	C:\WINDOWS\System32\ucrtbase.dll
0x00007ffb0b220000 - 0x00007ffb0b4ba000 	C:\WINDOWS\WinSxS\amd64_microsoft.windows.common-controls_6595b64144ccf1df_6.0.19041.1110_none_60b5254171f9507e\COMCTL32.dll
0x00007ffb25910000 - 0x00007ffb25940000 	C:\WINDOWS\System32\IMM32.DLL
0x0000000055ba0000 - 0x0000000055c72000 	C:\Program Files\Unity\Hub\Editor\2020.3.32f1\Editor\Data\PlaybackEngines\AndroidPlayer\OpenJDK\jre\bin\msvcr100.dll
0x0000000055350000 - 0x0000000055b99000 	C:\Program Files\Unity\Hub\Editor\2020.3.32f1\Editor\Data\PlaybackEngines\AndroidPlayer\OpenJDK\jre\bin\server\jvm.dll
0x00007ffb275c0000 - 0x00007ffb275c8000 	C:\WINDOWS\System32\PSAPI.DLL
0x00007ffb1c820000 - 0x00007ffb1c82a000 	C:\WINDOWS\SYSTEM32\VERSION.dll
0x00007ffb16930000 - 0x00007ffb16939000 	C:\WINDOWS\SYSTEM32\WSOCK32.dll
0x00007ffb11720000 - 0x00007ffb11747000 	C:\WINDOWS\SYSTEM32\WINMM.dll
0x00007ffb265e0000 - 0x00007ffb2664b000 	C:\WINDOWS\System32\WS2_32.dll
0x00007ffaa8050000 - 0x00007ffaa805f000 	C:\Program Files\Unity\Hub\Editor\2020.3.32f1\Editor\Data\PlaybackEngines\AndroidPlayer\OpenJDK\jre\bin\verify.dll
0x00007ffaa6280000 - 0x00007ffaa62a9000 	C:\Program Files\Unity\Hub\Editor\2020.3.32f1\Editor\Data\PlaybackEngines\AndroidPlayer\OpenJDK\jre\bin\java.dll
0x00007ffaa7a00000 - 0x00007ffaa7a16000 	C:\Program Files\Unity\Hub\Editor\2020.3.32f1\Editor\Data\PlaybackEngines\AndroidPlayer\OpenJDK\jre\bin\zip.dll
0x00007ffb26900000 - 0x00007ffb27043000 	C:\WINDOWS\System32\SHELL32.dll
0x00007ffb22d80000 - 0x00007ffb23511000 	C:\WINDOWS\SYSTEM32\windows.storage.dll
0x00007ffb25ae0000 - 0x00007ffb25e34000 	C:\WINDOWS\System32\combase.dll
0x00007ffb24690000 - 0x00007ffb246c0000 	C:\WINDOWS\SYSTEM32\Wldp.dll
0x00007ffb256d0000 - 0x00007ffb2577d000 	C:\WINDOWS\System32\SHCORE.dll
0x00007ffb25670000 - 0x00007ffb256c5000 	C:\WINDOWS\System32\shlwapi.dll
0x00007ffb24c60000 - 0x00007ffb24c7f000 	C:\WINDOWS\SYSTEM32\profapi.dll
0x00007ffaa4f50000 - 0x00007ffaa4f6a000 	C:\Program Files\Unity\Hub\Editor\2020.3.32f1\Editor\Data\PlaybackEngines\AndroidPlayer\OpenJDK\jre\bin\net.dll
0x00007ffb24480000 - 0x00007ffb244ea000 	C:\WINDOWS\system32\mswsock.dll
0x00007ffaa4d30000 - 0x00007ffaa4d41000 	C:\Program Files\Unity\Hub\Editor\2020.3.32f1\Editor\Data\PlaybackEngines\AndroidPlayer\OpenJDK\jre\bin\nio.dll
0x00007ffaa4730000 - 0x00007ffaa4754000 	C:\Program Files\Unity\Hub\Editor\2020.3.32f1\Editor\Data\PlaybackEngines\AndroidPlayer\OpenJDK\jre\bin\sunec.dll
0x00007ffb246e0000 - 0x00007ffb246f8000 	C:\WINDOWS\SYSTEM32\CRYPTSP.dll
0x00007ffb23d50000 - 0x00007ffb23d84000 	C:\WINDOWS\system32\rsaenh.dll
0x00007ffb255d0000 - 0x00007ffb255f7000 	C:\WINDOWS\System32\bcrypt.dll
0x00007ffb24be0000 - 0x00007ffb24c0e000 	C:\WINDOWS\SYSTEM32\USERENV.dll
0x00007ffb25280000 - 0x00007ffb25302000 	C:\WINDOWS\System32\bcryptprimitives.dll
0x00007ffb246c0000 - 0x00007ffb246cc000 	C:\WINDOWS\SYSTEM32\CRYPTBASE.dll
0x00007ffb24140000 - 0x00007ffb2417b000 	C:\WINDOWS\SYSTEM32\IPHLPAPI.DLL
0x00007ffb27050000 - 0x00007ffb27058000 	C:\WINDOWS\System32\NSI.dll
0x00007ffb1a560000 - 0x00007ffb1a577000 	C:\WINDOWS\SYSTEM32\dhcpcsvc6.DLL
0x00007ffb1ad30000 - 0x00007ffb1ad4d000 	C:\WINDOWS\SYSTEM32\dhcpcsvc.DLL
0x00007ffb24190000 - 0x00007ffb2425a000 	C:\WINDOWS\SYSTEM32\DNSAPI.dll
0x00007ffaa8040000 - 0x00007ffaa804b000 	C:\Program Files\Unity\Hub\Editor\2020.3.32f1\Editor\Data\PlaybackEngines\AndroidPlayer\OpenJDK\jre\bin\sunmscapi.dll
0x00007ffb24d20000 - 0x00007ffb24e76000 	C:\WINDOWS\System32\CRYPT32.dll
0x00007ffb104c0000 - 0x00007ffb104ca000 	C:\Windows\System32\rasadhlp.dll
0x00007ffb10710000 - 0x00007ffb10790000 	C:\WINDOWS\System32\fwpuclnt.dll

VM Arguments:
jvm_args: -Dfile.encoding=UTF-8 -Dcom.android.sdklib.toolsdir=C:\Program Files\Unity\Hub\Editor\2020.3.32f1\Editor\Data\PlaybackEngines\AndroidPlayer\SDK\tools\bin\\.. 
java_command: com.android.sdklib.tool.sdkmanager.SdkManagerCli --list
java_class_path (initial): C:\Program Files\Unity\Hub\Editor\2020.3.32f1\Editor\Data\PlaybackEngines\AndroidPlayer\SDK\tools\bin\..\lib\dvlib-26.0.0-dev.jar;C:\Program Files\Unity\Hub\Editor\2020.3.32f1\Editor\Data\PlaybackEngines\AndroidPlayer\SDK\tools\bin\..\lib\jimfs-1.1.jar;C:\Program Files\Unity\Hub\Editor\2020.3.32f1\Editor\Data\PlaybackEngines\AndroidPlayer\SDK\tools\bin\..\lib\jsr305-1.3.9.jar;C:\Program Files\Unity\Hub\Editor\2020.3.32f1\Editor\Data\PlaybackEngines\AndroidPlayer\SDK\tools\bin\..\lib\repository-26.0.0-dev.jar;C:\Program Files\Unity\Hub\Editor\2020.3.32f1\Editor\Data\PlaybackEngines\AndroidPlayer\SDK\tools\bin\..\lib\j2objc-annotations-1.1.jar;C:\Program Files\Unity\Hub\Editor\2020.3.32f1\Editor\Data\PlaybackEngines\AndroidPlayer\SDK\tools\bin\..\lib\layoutlib-api-26.0.0-dev.jar;C:\Program Files\Unity\Hub\Editor\2020.3.32f1\Editor\Data\PlaybackEngines\AndroidPlayer\SDK\tools\bin\..\lib\gson-2.3.jar;C:\Program Files\Unity\Hub\Editor\2020.3.32f1\Editor\Data\PlaybackEngines\AndroidPlayer\SDK\tools\bin\..\lib\httpcore-4.2.5.jar;C:\Program Files\Unity\Hub\Editor\2020.3.32f1\Editor\Data\PlaybackEngines\AndroidPlayer\SDK\tools\bin\..\lib\commons-logging-1.1.1.jar;C:\Program Files\Unity\Hub\Editor\2020.3.32f1\Editor\Data\PlaybackEngines\AndroidPlayer\SDK\tools\bin\..\lib\commons-compress-1.12.jar;C:\Program Files\Unity\Hub\Editor\2020.3.32f1\Editor\Data\PlaybackEngines\AndroidPlayer\SDK\tools\bin\..\lib\annotations-26.0.0-dev.jar;C:\Program Files\Unity\Hub\Editor\2020.3.32f1\Editor\Data\PlaybackEngines\AndroidPlayer\SDK\tools\bin\..\lib\error_prone_annotations-2.0.18.jar;C:\Program Files\Unity\Hub\Editor\2020.3.32f1\Editor\Data\PlaybackEngines\AndroidPlayer\SDK\tools\bin\..\lib\animal-sniffer-annotations-1.14.jar;C:\Program Files\Unity\Hub\Editor\2020.3.32f1\Editor\Data\PlaybackEngines\AndroidPlayer\SDK\tools\bin\..\lib\httpclient-4.2.6.jar;C:\Program Files\Unity\Hub\Editor\2020.3.32f1\Editor\Data\PlaybackEngines\AndroidPlayer\SDK\tools\bin\..\lib
Launcher Type: SUN_STANDARD

Environment Variables:
JAVA_HOME=C:\Program Files\Unity\Hub\Editor\2020.3.32f1\Editor\Data\PlaybackEngines\AndroidPlayer\OpenJDK
JAVA_TOOL_OPTIONS=-Dfile.encoding=UTF-8
PATH=C:\WINDOWS\system32;C:\WINDOWS;C:\WINDOWS\System32\Wbem;C:\WINDOWS\System32\WindowsPowerShell\v1.0\;C:\WINDOWS\System32\OpenSSH\;C:\Program Files\Git\cmd;C:\Program Files\nodejs\;C:\Users\HP\AppData\Local\Microsoft\WindowsApps;C:\Users\HP\AppData\Roaming\npm
USERNAME=HP
OS=Windows_NT
PROCESSOR_IDENTIFIER=Intel64 Family 6 Model 158 Stepping 9, GenuineIntel



---------------  S Y S T E M  ---------------

OS: Windows 10.0 , 64 bit Build 19041 (10.0.19041.1889)

CPU:total 8 (initial active 8) (4 cores per cpu, 2 threads per core) family 6 model 158 stepping 9, cmov, cx8, fxsr, mmx, sse, sse2, sse3, ssse3, sse4.1, sse4.2, popcnt, avx, avx2, aes, clmul, erms, rtm, 3dnowpref, lzcnt, ht, tsc, tscinvbit, bmi1, bmi2, adx

Memory: 4k page, physical 16690392k(4817884k free), swap 23587804k(5684k free)

vm_info: OpenJDK 64-Bit Server VM (25.71-b00) for windows-amd64 JRE (1.8.0-adoptopenjdk-_2018_05_19_00_59-b00), built on May 19 2018 01:02:12 by "jenkins" with MS VC++ 10.0 (VS2010)

time: Fri Nov 11 12:50:52 2022
elapsed time: 1 seconds (0d 0h 0m 1s)

